[INFO] Scanning for projects...
[INFO] 
[INFO] --------------------< com.xuongmay:QuanLyXuongMay >---------------------
[INFO] Building QuanLyXuongMay 1.0
[INFO]   from pom.xml
[INFO] --------------------------------[ jar ]---------------------------------
[INFO] 
[INFO] >>> javafx:0.0.8:run (default-cli) > process-classes @ QuanLyXuongMay >>>
[INFO] 
[INFO] --- resources:3.4.0:resources (default-resources) @ QuanLyXuongMay ---
[INFO] Copying 1 resource from src\main\resources to target\classes
[INFO] 
[INFO] --- compiler:3.13.0:compile (default-compile) @ QuanLyXuongMay ---
[INFO] Nothing to compile - all classes are up to date.
[INFO] 
[INFO] <<< javafx:0.0.8:run (default-cli) < process-classes @ QuanLyXuongMay <<<
[INFO] 
[INFO] 
[INFO] --- javafx:0.0.8:run (default-cli) @ QuanLyXuongMay ---
WARNING: A restricted method in java.lang.System has been called
WARNING: java.lang.System::load has been called by com.sun.glass.utils.NativeLibLoader in module javafx.graphics (file:/C:/Users/Admin/.m2/repository/org/openjfx/javafx-graphics/21.0.4/javafx-graphics-21.0.4-win.jar)
WARNING: Use --enable-native-access=javafx.graphics to avoid a warning for callers in this module
WARNING: Restricted methods will be blocked in a future release unless native access is enabled

Jun 23, 2026 12:32:36 AM javafx.css.CssParser term
WARNING: CSS Error parsing file:/E:/Project/HeThongQuanLy/Code/QuanLyXuongMay/target/classes/style.css: Unexpected token ')' at [256,47]
WARNING: A terminally deprecated method in sun.misc.Unsafe has been called
WARNING: sun.misc.Unsafe::allocateMemory has been called by com.sun.marlin.OffHeapArray (file:/C:/Users/Admin/.m2/repository/org/openjfx/javafx-graphics/21.0.4/javafx-graphics-21.0.4-win.jar)
WARNING: Please consider reporting this to the maintainers of class com.sun.marlin.OffHeapArray
WARNING: sun.misc.Unsafe::allocateMemory will be removed in a future release
[INFO] ------------------------------------------------------------------------
[INFO] BUILD SUCCESS
[INFO] ------------------------------------------------------------------------
[INFO] Total time:  11.029 s
[INFO] Finished at: 2026-06-23T00:32:45+07:00
[INFO] ------------------------------------------------------------------------
